This is pdfTeX, Version 3.1415926-2.3-1.40.12 (MiKTeX 2.9) (preloaded format=latex 2016.10.12)  1 DEC 2016 20:54
entering extended mode
**bare_jrnl.tex
(E:\科研论文\tip\revision-round1\paper_RevisionRound1\bare_jrnl.tex
LaTeX2e <2011/06/27>
Babel <v3.8m> and hyphenation patterns for loaded.
(E:\科研论文\tip\revision-round1\paper_RevisionRound1\IEEEtran.cls
Document Class: IEEEtran 2015/08/26 V1.8b by Michael Shell
-- See the "IEEEtran_HOWTO" manual for usage information.
-- http://www.michaelshell.org/tex/ieeetran/
\@IEEEtrantmpdimenA=\dimen102
\@IEEEtrantmpdimenB=\dimen103
\@IEEEtrantmpdimenC=\dimen104
\@IEEEtrantmpcountA=\count79
\@IEEEtrantmpcountB=\count80
\@IEEEtrantmpcountC=\count81
\@IEEEtrantmptoksA=\toks14
LaTeX Font Info:    Try loading font information for OT1+ptm on input line 503.

(C:\CTEX\MiKTeX\tex\latex\psnfss\ot1ptm.fd
File: ot1ptm.fd 2001/06/04 font definitions for OT1/ptm.
)
-- Using 8.5in x 11in (letter) paper.
-- Using DVI output.
\@IEEEnormalsizeunitybaselineskip=\dimen105
-- This is a 10 point document.
\CLASSINFOnormalsizebaselineskip=\dimen106
\CLASSINFOnormalsizeunitybaselineskip=\dimen107
\IEEEnormaljot=\dimen108
LaTeX Font Info:    Font shape `OT1/ptm/bx/n' in size <5> not available
(Font)              Font shape `OT1/ptm/b/n' tried instead on input line 1090.
LaTeX Font Info:    Font shape `OT1/ptm/bx/it' in size <5> not available
(Font)              Font shape `OT1/ptm/b/it' tried instead on input line 1090.

LaTeX Font Info:    Font shape `OT1/ptm/bx/n' in size <7> not available
(Font)              Font shape `OT1/ptm/b/n' tried instead on input line 1090.
LaTeX Font Info:    Font shape `OT1/ptm/bx/it' in size <7> not available
(Font)              Font shape `OT1/ptm/b/it' tried instead on input line 1090.

LaTeX Font Info:    Font shape `OT1/ptm/bx/n' in size <8> not available
(Font)              Font shape `OT1/ptm/b/n' tried instead on input line 1090.
LaTeX Font Info:    Font shape `OT1/ptm/bx/it' in size <8> not available
(Font)              Font shape `OT1/ptm/b/it' tried instead on input line 1090.

LaTeX Font Info:    Font shape `OT1/ptm/bx/n' in size <9> not available
(Font)              Font shape `OT1/ptm/b/n' tried instead on input line 1090.
LaTeX Font Info:    Font shape `OT1/ptm/bx/it' in size <9> not available
(Font)              Font shape `OT1/ptm/b/it' tried instead on input line 1090.

LaTeX Font Info:    Font shape `OT1/ptm/bx/n' in size <10> not available
(Font)              Font shape `OT1/ptm/b/n' tried instead on input line 1090.
LaTeX Font Info:    Font shape `OT1/ptm/bx/it' in size <10> not available
(Font)              Font shape `OT1/ptm/b/it' tried instead on input line 1090.

LaTeX Font Info:    Font shape `OT1/ptm/bx/n' in size <11> not available
(Font)              Font shape `OT1/ptm/b/n' tried instead on input line 1090.
LaTeX Font Info:    Font shape `OT1/ptm/bx/it' in size <11> not available
(Font)              Font shape `OT1/ptm/b/it' tried instead on input line 1090.

LaTeX Font Info:    Font shape `OT1/ptm/bx/n' in size <12> not available
(Font)              Font shape `OT1/ptm/b/n' tried instead on input line 1090.
LaTeX Font Info:    Font shape `OT1/ptm/bx/it' in size <12> not available
(Font)              Font shape `OT1/ptm/b/it' tried instead on input line 1090.

LaTeX Font Info:    Font shape `OT1/ptm/bx/n' in size <17> not available
(Font)              Font shape `OT1/ptm/b/n' tried instead on input line 1090.
LaTeX Font Info:    Font shape `OT1/ptm/bx/it' in size <17> not available
(Font)              Font shape `OT1/ptm/b/it' tried instead on input line 1090.

LaTeX Font Info:    Font shape `OT1/ptm/bx/n' in size <20> not available
(Font)              Font shape `OT1/ptm/b/n' tried instead on input line 1090.
LaTeX Font Info:    Font shape `OT1/ptm/bx/it' in size <20> not available
(Font)              Font shape `OT1/ptm/b/it' tried instead on input line 1090.

LaTeX Font Info:    Font shape `OT1/ptm/bx/n' in size <24> not available
(Font)              Font shape `OT1/ptm/b/n' tried instead on input line 1090.
LaTeX Font Info:    Font shape `OT1/ptm/bx/it' in size <24> not available
(Font)              Font shape `OT1/ptm/b/it' tried instead on input line 1090.

\IEEEquantizedlength=\dimen109
\IEEEquantizedlengthdiff=\dimen110
\IEEEquantizedtextheightdiff=\dimen111
\IEEEilabelindentA=\dimen112
\IEEEilabelindentB=\dimen113
\IEEEilabelindent=\dimen114
\IEEEelabelindent=\dimen115
\IEEEdlabelindent=\dimen116
\IEEElabelindent=\dimen117
\IEEEiednormlabelsep=\dimen118
\IEEEiedmathlabelsep=\dimen119
\IEEEiedtopsep=\skip41
\c@section=\count82
\c@subsection=\count83
\c@subsubsection=\count84
\c@paragraph=\count85
\c@IEEEsubequation=\count86
\abovecaptionskip=\skip42
\belowcaptionskip=\skip43
\c@figure=\count87
\c@table=\count88
\@IEEEeqnnumcols=\count89
\@IEEEeqncolcnt=\count90
\@IEEEsubeqnnumrollback=\count91
\@IEEEquantizeheightA=\dimen120
\@IEEEquantizeheightB=\dimen121
\@IEEEquantizeheightC=\dimen122
\@IEEEquantizeprevdepth=\dimen123
\@IEEEquantizemultiple=\count92
\@IEEEquantizeboxA=\box26
\@IEEEtmpitemindent=\dimen124
\IEEEPARstartletwidth=\dimen125
\c@IEEEbiography=\count93
\@IEEEtranrubishbin=\box27
) (C:\CTEX\MiKTeX\tex\latex\cite\cite.sty
LaTeX Info: Redefining \cite on input line 302.
LaTeX Info: Redefining \nocite on input line 373.
Package: cite 2010/09/10  v 5.3
)
(C:\CTEX\MiKTeX\tex\latex\amsfonts\amssymb.sty
Package: amssymb 2009/06/22 v3.00

(C:\CTEX\MiKTeX\tex\latex\amsfonts\amsfonts.sty
Package: amsfonts 2009/06/22 v3.00 Basic AMSFonts support
\@emptytoks=\toks15
\symAMSa=\mathgroup4
\symAMSb=\mathgroup5
LaTeX Font Info:    Overwriting math alphabet `\mathfrak' in version `bold'
(Font)                  U/euf/m/n --> U/euf/b/n on input line 96.
))
(C:\CTEX\MiKTeX\tex\latex\graphics\graphicx.sty
Package: graphicx 1999/02/16 v1.0f Enhanced LaTeX Graphics (DPC,SPQR)

(C:\CTEX\MiKTeX\tex\latex\graphics\keyval.sty
Package: keyval 1999/03/16 v1.13 key=value parser (DPC)
\KV@toks@=\toks16
)
(C:\CTEX\MiKTeX\tex\latex\graphics\graphics.sty
Package: graphics 2009/02/05 v1.0o Standard LaTeX Graphics (DPC,SPQR)

(C:\CTEX\MiKTeX\tex\latex\graphics\trig.sty
Package: trig 1999/03/16 v1.09 sin cos tan (DPC)
)
(C:\CTEX\MiKTeX\tex\latex\00miktex\graphics.cfg
File: graphics.cfg 2007/01/18 v1.5 graphics configuration of teTeX/TeXLive
)
Package graphics Info: Driver file: dvips.def on input line 91.

(C:\CTEX\MiKTeX\tex\latex\graphics\dvips.def
File: dvips.def 1999/02/16 v3.0i Driver-dependant file (DPC,SPQR)
))
\Gin@req@height=\dimen126
\Gin@req@width=\dimen127
)
(C:\CTEX\MiKTeX\tex\latex\booktabs\booktabs.sty
Package: booktabs 2005/04/14 v1.61803 publication quality tables
\heavyrulewidth=\dimen128
\lightrulewidth=\dimen129
\cmidrulewidth=\dimen130
\belowrulesep=\dimen131
\belowbottomsep=\dimen132
\aboverulesep=\dimen133
\abovetopsep=\dimen134
\cmidrulesep=\dimen135
\cmidrulekern=\dimen136
\defaultaddspace=\dimen137
\@cmidla=\count94
\@cmidlb=\count95
\@aboverulesep=\dimen138
\@belowrulesep=\dimen139
\@thisruleclass=\count96
\@lastruleclass=\count97
\@thisrulewidth=\dimen140
)
(C:\CTEX\MiKTeX\tex\latex\multirow\multirow.sty
\bigstrutjot=\dimen141
)
(C:\CTEX\MiKTeX\tex\latex\ams\math\amsmath.sty
Package: amsmath 2000/07/18 v2.13 AMS math features
\@mathmargin=\skip44

For additional information on amsmath, use the `?' option.
(C:\CTEX\MiKTeX\tex\latex\ams\math\amstext.sty
Package: amstext 2000/06/29 v2.01

(C:\CTEX\MiKTeX\tex\latex\ams\math\amsgen.sty
File: amsgen.sty 1999/11/30 v2.0
\@emptytoks=\toks17
\ex@=\dimen142
))
(C:\CTEX\MiKTeX\tex\latex\ams\math\amsbsy.sty
Package: amsbsy 1999/11/29 v1.2d
\pmbraise@=\dimen143
)
(C:\CTEX\MiKTeX\tex\latex\ams\math\amsopn.sty
Package: amsopn 1999/12/14 v2.01 operator names
)
\inf@bad=\count98
LaTeX Info: Redefining \frac on input line 211.
\uproot@=\count99
\leftroot@=\count100
LaTeX Info: Redefining \overline on input line 307.
\classnum@=\count101
\DOTSCASE@=\count102
LaTeX Info: Redefining \ldots on input line 379.
LaTeX Info: Redefining \dots on input line 382.
LaTeX Info: Redefining \cdots on input line 467.
\Mathstrutbox@=\box28
\strutbox@=\box29
\big@size=\dimen144
LaTeX Font Info:    Redeclaring font encoding OML on input line 567.
LaTeX Font Info:    Redeclaring font encoding OMS on input line 568.
\macc@depth=\count103
\c@MaxMatrixCols=\count104
\dotsspace@=\muskip10
\c@parentequation=\count105
\dspbrk@lvl=\count106
\tag@help=\toks18
\row@=\count107
\column@=\count108
\maxfields@=\count109
\andhelp@=\toks19
\eqnshift@=\dimen145
\alignsep@=\dimen146
\tagshift@=\dimen147
\tagwidth@=\dimen148
\totwidth@=\dimen149
\lineht@=\dimen150
\@envbody=\toks20
\multlinegap=\skip45
\multlinetaggap=\skip46
\mathdisplay@stack=\toks21
LaTeX Info: Redefining \[ on input line 2666.
LaTeX Info: Redefining \] on input line 2667.
)
(E:\科研论文\tip\revision-round1\paper_RevisionRound1\bare_jrnl.aux)
LaTeX Font Info:    Checking defaults for OML/cmm/m/it on input line 340.
LaTeX Font Info:    ... okay on input line 340.
LaTeX Font Info:    Checking defaults for T1/cmr/m/n on input line 340.
LaTeX Font Info:    ... okay on input line 340.
LaTeX Font Info:    Checking defaults for OT1/cmr/m/n on input line 340.
LaTeX Font Info:    ... okay on input line 340.
LaTeX Font Info:    Checking defaults for OMS/cmsy/m/n on input line 340.
LaTeX Font Info:    ... okay on input line 340.
LaTeX Font Info:    Checking defaults for OMX/cmex/m/n on input line 340.
LaTeX Font Info:    ... okay on input line 340.
LaTeX Font Info:    Checking defaults for U/cmr/m/n on input line 340.
LaTeX Font Info:    ... okay on input line 340.

-- Lines per column: 58 (exact).

Underfull \hbox (badness 10000) in paragraph at lines 425--425
[][][]\OT1/ptm/m/n/8 The au-thors are with the School of Elec-tron-ic, Elec-tri
-cal
 []


Underfull \hbox (badness 10000) in paragraph at lines 425--425
\OT1/ptm/m/n/8 and Com-mu-ni-ca-tion En-gi-neer-ing, U-ni-ver-si-ty of Chi-nese
 A-cade-
 []


Underfull \hbox (badness 10000) in paragraph at lines 425--425
\OT1/ptm/m/n/8 my of Sci-ences, Bei-jing, 101408 Chi-na (e-mail: weipengx-
 []

LaTeX Font Info:    Try loading font information for U+msa on input line 457.
(C:\CTEX\MiKTeX\tex\latex\amsfonts\umsa.fd
File: umsa.fd 2009/06/22 v3.00 AMS symbols A
)
LaTeX Font Info:    Try loading font information for U+msb on input line 457.

(C:\CTEX\MiKTeX\tex\latex\amsfonts\umsb.fd
File: umsb.fd 2009/06/22 v3.00 AMS symbols B
) [1


]
File: ./figure/figure1-scene-v3(green)-4.eps Graphic file (type eps)

<./figure/figure1-scene-v3(green)-4.eps>
File: ./figure/figure2-flowchart-font-v3.eps Graphic file (type eps)

<./figure/figure2-flowchart-font-v3.eps> [2]
Underfull \hbox (badness 2334) in paragraph at lines 525--526
[][]\OT1/ptm/m/n/8 (b) Then for each top-ic, draw word $[]\OMS/cmsy/m/n/8 jf[]\
OML/cmm/m/it/8 ; \OMS/cmsy/m/n/8 g$ \OT1/ptm/m/n/8 from
 []

File: ./figure/figure3-0220-v1.eps Graphic file (type eps)
<./figure/figure3-0220-v1.eps> [3]
File: ./figure/figure4-table-v3.eps Graphic file (type eps)
 <./figure/figure4-table-v3.eps> [4] [5]
File: ./figure/figure5-v0220.eps Graphic file (type eps)

<./figure/figure5-v0220.eps>
File: ./figure/figure6-v3-7-1.eps Graphic file (type eps)
 <./figure/figure6-v3-7-1.eps>
File: ./figure/figure7-v3-7-2.eps Graphic file (type eps)

<./figure/figure7-v3-7-2.eps>
File: ./figure/figure8-v3-7-3.eps Graphic file (type eps)
 <./figure/figure8-v3-7-3.eps>
File: ./figure/figure9-mix-v2-latex(matrix).eps Graphic file (type eps)

<./figure/figure9-mix-v2-latex(matrix).eps> [6]
Underfull \vbox (badness 10000) has occurred while \output is active []


Underfull \vbox (badness 10000) has occurred while \output is active []

 [7]
Underfull \vbox (badness 4660) has occurred while \output is active []


Underfull \vbox (badness 10000) has occurred while \output is active []

 [8]
Underfull \vbox (badness 6825) has occurred while \output is active []

File: ./figure/figure10-v2.eps Graphic file (type eps)

<./figure/figure10-v2.eps> [9]
Overfull \hbox (6.2845pt too wide) detected at line 915
[]
 []

(E:\科研论文\tip\revision-round1\paper_RevisionRound1\bare_jrnl.bbl
[10]
Underfull \hbox (badness 2707) in paragraph at lines 201--206
[][]\OT1/ptm/m/n/8 R. G. Cin-bis, J. Ver-beek, and C. Schmid, ``Ap-prox-i-mate 
fish-
 []


Underfull \hbox (badness 3209) in paragraph at lines 201--206
\OT1/ptm/m/n/8 er k-er-nel-s of non-iid im-age mod-el-s for im-age cat-e-go-riz
a-tion,''
 []


Underfull \hbox (badness 6348) in paragraph at lines 201--206
\OT1/ptm/m/it/8 IEEE Tran-s. Pat-tern Anal. Mach. In-tel-l.\OT1/ptm/m/n/8 , [On
-line]. Avail-able:
 []

[11]) [12

]
(E:\科研论文\tip\revision-round1\paper_RevisionRound1\bare_jrnl.aux) ) 
Here is how much of TeX's memory you used:
 2526 strings out of 495355
 37347 string characters out of 3183881
 114551 words of memory out of 3000000
 5686 multiletter control sequences out of 15000+200000
 31839 words of font info for 78 fonts, out of 3000000 for 9000
 17 hyphenation exceptions out of 8191
 27i,17n,25p,2099b,289s stack positions out of 5000i,500n,10000p,200000b,50000s

Output written on bare_jrnl.dvi (12 pages, 102780 bytes).
